\BOOKMARK [0][-]{chapter*.2}{\376\377\000P\000r\000e\000f\000a\000c\000e}{}% 1
\BOOKMARK [0][-]{chapter.1}{\376\377\000P\000r\000e\000l\000i\000m\000i\000n\000a\000r\000i\000e\000s}{}% 2
\BOOKMARK [1][-]{section.1.1}{\376\377\000A\000l\000g\000e\000b\000r\000a\000i\000c\000\040\000a\000n\000d\000\040\000T\000r\000a\000n\000s\000c\000e\000n\000d\000e\000n\000t\000a\000l\000\040\000N\000u\000m\000b\000e\000r\000s}{chapter.1}% 3
\BOOKMARK [2][-]{subsection.1.1.1}{\376\377\000D\000e\000f\000i\000n\000i\000t\000i\000o\000n\000s\000\040\000a\000n\000d\000\040\000M\000o\000t\000i\000v\000a\000t\000i\000o\000n}{section.1.1}% 4
\BOOKMARK [2][-]{subsection.1.1.2}{\376\377\000D\000i\000a\000g\000o\000n\000a\000l\000i\000z\000a\000t\000i\000o\000n}{section.1.1}% 5
\BOOKMARK [1][-]{section.1.2}{\376\377\000A\000l\000g\000e\000b\000r\000a\000\040\000P\000r\000e\000l\000i\000m\000i\000n\000a\000r\000i\000e\000s}{chapter.1}% 6
\BOOKMARK [2][-]{subsection.1.2.1}{\376\377\000T\000r\000a\000n\000s\000c\000e\000n\000d\000e\000n\000c\000e\000\040\000B\000a\000s\000i\000s}{section.1.2}% 7
\BOOKMARK [2][-]{subsection.1.2.2}{\376\377\000N\000u\000m\000b\000e\000r\000\040\000F\000i\000e\000l\000d\000s}{section.1.2}% 8
\BOOKMARK [2][-]{subsection.1.2.3}{\376\377\000P\000o\000l\000y\000n\000o\000m\000i\000a\000l\000s}{section.1.2}% 9
\BOOKMARK [2][-]{subsection.1.2.4}{\376\377\000L\000i\000n\000e\000a\000r\000\040\000A\000l\000g\000e\000b\000r\000a}{section.1.2}% 10
\BOOKMARK [1][-]{section.1.3}{\376\377\000A\000n\000a\000l\000y\000s\000i\000s\000\040\000P\000r\000e\000l\000i\000m\000i\000n\000a\000r\000i\000e\000s}{chapter.1}% 11
\BOOKMARK [2][-]{subsection.1.3.1}{\376\377\000M\000e\000r\000o\000m\000o\000r\000p\000h\000i\000c\000\040\000a\000n\000d\000\040\000E\000n\000t\000i\000r\000e\000\040\000F\000u\000n\000c\000t\000i\000o\000n\000s}{section.1.3}% 12
\BOOKMARK [2][-]{subsection.1.3.2}{\376\377\000I\000n\000t\000e\000g\000r\000a\000t\000i\000o\000n}{section.1.3}% 13
\BOOKMARK [1][-]{section.1.4}{\376\377\000L\000i\000o\000u\000v\000i\000l\000l\000e\000\040\000N\000u\000m\000b\000e\000r\000s}{chapter.1}% 14
\BOOKMARK [2][-]{subsection.1.4.1}{\376\377\000M\000i\000n\000i\000m\000a\000l\000\040\000P\000o\000l\000y\000n\000o\000m\000i\000a\000l\000\040\000a\000s\000\040\000A\000u\000x\000i\000l\000i\000a\000r\000y\000\040\000F\000u\000n\000c\000t\000i\000o\000n}{section.1.4}% 15
\BOOKMARK [0][-]{chapter.2}{\376\377\000L\000i\000n\000d\000e\000m\000a\000n\000n\000-\000W\000e\000i\000e\000r\000s\000t\000r\000a\000s\000s\000\040\000T\000h\000e\000o\000r\000e\000m}{}% 16
\BOOKMARK [1][-]{section.2.1}{\376\377\000B\000a\000c\000k\000g\000r\000o\000u\000n\000d}{chapter.2}% 17
\BOOKMARK [1][-]{section.2.2}{\376\377\000M\000a\000i\000n\000\040\000T\000h\000e\000o\000r\000e\000m}{chapter.2}% 18
\BOOKMARK [1][-]{section.2.3}{\376\377\000C\000o\000n\000s\000e\000q\000u\000e\000n\000c\000e\000s}{chapter.2}% 19
\BOOKMARK [2][-]{subsection.2.3.1}{\376\377\000T\000r\000a\000n\000s\000c\000e\000n\000d\000e\000n\000c\000e\000\040\000o\000f\000\040\000L\000a\000T\000e\000X\000\040\000a\000n\000d\000\040\000L\000a\000T\000e\000X}{section.2.3}% 20
\BOOKMARK [0][-]{chapter.3}{\376\377\000G\000e\000l\000f\000o\000n\000d\000-\000S\000c\000h\000n\000e\000i\000d\000e\000r\000\040\000T\000h\000e\000o\000r\000e\000m}{}% 21
\BOOKMARK [1][-]{section.3.1}{\376\377\000B\000a\000c\000k\000g\000r\000o\000u\000n\000d}{chapter.3}% 22
\BOOKMARK [2][-]{subsection.3.1.1}{\376\377\000S\000i\000e\000g\000e\000l\000'\000s\000\040\000L\000e\000m\000m\000a\000\040\000G\000e\000n\000e\000r\000a\000l\000i\000z\000e\000d\000\040\000f\000o\000r\000\040\000N\000u\000m\000b\000e\000r\000\040\000F\000i\000e\000l\000d\000s}{section.3.1}% 23
\BOOKMARK [1][-]{section.3.2}{\376\377\000M\000a\000i\000n\000\040\000T\000h\000e\000o\000r\000e\000m}{chapter.3}% 24
\BOOKMARK [2][-]{subsection.3.2.1}{\376\377\000E\000x\000i\000s\000t\000e\000n\000c\000e\000\040\000o\000f\000\040\000A\000u\000x\000i\000l\000i\000a\000r\000y\000\040\000F\000u\000n\000c\000t\000i\000o\000n}{section.3.2}% 25
\BOOKMARK [2][-]{subsection.3.2.2}{\376\377\000A\000n\000a\000l\000y\000s\000i\000s\000\040\000o\000f\000\040\000A\000u\000x\000i\000l\000i\000a\000r\000y\000\040\000F\000u\000n\000c\000t\000i\000o\000n}{section.3.2}% 26
\BOOKMARK [1][-]{section.3.3}{\376\377\000C\000o\000n\000s\000e\000q\000u\000e\000n\000c\000e\000s}{chapter.3}% 27
\BOOKMARK [0][-]{chapter.4}{\376\377\000B\000a\000k\000e\000r\000'\000s\000\040\000T\000h\000e\000o\000r\000e\000m}{}% 28
\BOOKMARK [0][-]{chapter.5}{\376\377\000S\000c\000h\000a\000n\000u\000e\000l\000'\000s\000\040\000C\000o\000n\000j\000e\000c\000t\000u\000r\000e}{}% 29
